<?xml version="1.0" encoding="UTF-8"?>
<testng-results total="32" passed="29" failed="3" skipped="0">
  <reporter-output>
  </reporter-output>
  <suite started-at="2024-04-17T04:46:53Z" name="Suite" finished-at="2024-04-17T05:08:26Z" duration-ms="1292951">
    <groups>
      <group name="eatAll">
        <method signature="UserReMenTest.userRegistrationMenNonVegEatAll()[pri:0, instance:userRegistrationTest.UserReMenTest@47caedad]" name="userRegistrationMenNonVegEatAll" class="userRegistrationTest.UserReMenTest"/>
        <method signature="UserReMenTest.userRegistrationMenVegEatAll()[pri:0, instance:userRegistrationTest.UserReMenTest@47caedad]" name="userRegistrationMenVegEatAll" class="userRegistrationTest.UserReMenTest"/>
        <method signature="UserReMenTest.userRegistrationMenVeganEatAll()[pri:0, instance:userRegistrationTest.UserReMenTest@47caedad]" name="userRegistrationMenVeganEatAll" class="userRegistrationTest.UserReMenTest"/>
        <method signature="UserReWomenTest.userRegistrationWomenNonVegEatAll()[pri:0, instance:userRegistrationTest.UserReWomenTest@4b520ea8]" name="userRegistrationWomenNonVegEatAll" class="userRegistrationTest.UserReWomenTest"/>
        <method signature="UserReWomenTest.userRegistrationWomenVegEatAll()[pri:0, instance:userRegistrationTest.UserReWomenTest@4b520ea8]" name="userRegistrationWomenVegEatAll" class="userRegistrationTest.UserReWomenTest"/>
        <method signature="UserReWomenTest.userRegistrationWomenVeganEatAll()[pri:0, instance:userRegistrationTest.UserReWomenTest@4b520ea8]" name="userRegistrationWomenVeganEatAll" class="userRegistrationTest.UserReWomenTest"/>
      </group> <!-- eatAll -->
    </groups>
    <test started-at="2024-04-17T04:46:53Z" name="Test" finished-at="2024-04-17T05:08:26Z" duration-ms="1292951">
      <class name="userRegistrationTest.UserReMenTest">
        <test-method is-config="true" signature="landingPageUrl()[pri:0, instance:userRegistrationTest.UserReMenTest@47caedad]" started-at="2024-04-17T10:16:55Z" name="landingPageUrl" finished-at="2024-04-17T10:17:04Z" duration-ms="8950" status="PASS">
          <reporter-output>
          </reporter-output>
        </test-method> <!-- landingPageUrl -->
        <test-method signature="userRegistrationMenNonVeg()[pri:0, instance:userRegistrationTest.UserReMenTest@47caedad]" started-at="2024-04-17T10:17:04Z" name="userRegistrationMenNonVeg" finished-at="2024-04-17T10:17:44Z" duration-ms="40145" status="PASS">
          <reporter-output>
          </reporter-output>
        </test-method> <!-- userRegistrationMenNonVeg -->
        <test-method is-config="true" signature="tearDown()[pri:0, instance:userRegistrationTest.UserReMenTest@47caedad]" started-at="2024-04-17T10:17:44Z" name="tearDown" finished-at="2024-04-17T10:17:44Z" duration-ms="406" status="PASS">
          <reporter-output>
          </reporter-output>
        </test-method> <!-- tearDown -->
        <test-method is-config="true" signature="landingPageUrl()[pri:0, instance:userRegistrationTest.UserReMenTest@47caedad]" started-at="2024-04-17T10:17:44Z" name="landingPageUrl" finished-at="2024-04-17T10:17:48Z" duration-ms="3392" status="PASS">
          <reporter-output>
          </reporter-output>
        </test-method> <!-- landingPageUrl -->
        <test-method signature="userRegistrationMenVeg()[pri:0, instance:userRegistrationTest.UserReMenTest@47caedad]" started-at="2024-04-17T10:17:48Z" name="userRegistrationMenVeg" finished-at="2024-04-17T10:18:27Z" duration-ms="39413" status="PASS">
          <reporter-output>
          </reporter-output>
        </test-method> <!-- userRegistrationMenVeg -->
        <test-method is-config="true" signature="tearDown()[pri:0, instance:userRegistrationTest.UserReMenTest@47caedad]" started-at="2024-04-17T10:18:27Z" name="tearDown" finished-at="2024-04-17T10:18:27Z" duration-ms="382" status="PASS">
          <reporter-output>
          </reporter-output>
        </test-method> <!-- tearDown -->
        <test-method is-config="true" signature="landingPageUrl()[pri:0, instance:userRegistrationTest.UserReMenTest@47caedad]" started-at="2024-04-17T10:18:27Z" name="landingPageUrl" finished-at="2024-04-17T10:18:30Z" duration-ms="3140" status="PASS">
          <reporter-output>
          </reporter-output>
        </test-method> <!-- landingPageUrl -->
        <test-method signature="userRegistrationMenVegan()[pri:0, instance:userRegistrationTest.UserReMenTest@47caedad]" started-at="2024-04-17T10:18:30Z" name="userRegistrationMenVegan" finished-at="2024-04-17T10:19:06Z" duration-ms="36012" status="PASS">
          <reporter-output>
          </reporter-output>
        </test-method> <!-- userRegistrationMenVegan -->
        <test-method is-config="true" signature="tearDown()[pri:0, instance:userRegistrationTest.UserReMenTest@47caedad]" started-at="2024-04-17T10:19:06Z" name="tearDown" finished-at="2024-04-17T10:19:07Z" duration-ms="809" status="PASS">
          <reporter-output>
          </reporter-output>
        </test-method> <!-- tearDown -->
        <test-method is-config="true" signature="landingPageUrl()[pri:0, instance:userRegistrationTest.UserReMenTest@47caedad]" started-at="2024-04-17T10:19:07Z" name="landingPageUrl" finished-at="2024-04-17T10:19:11Z" duration-ms="3720" status="PASS">
          <reporter-output>
          </reporter-output>
        </test-method> <!-- landingPageUrl -->
        <test-method signature="heightInFtNonVeg()[pri:0, instance:userRegistrationTest.UserReMenTest@47caedad]" started-at="2024-04-17T10:19:11Z" name="heightInFtNonVeg" finished-at="2024-04-17T10:19:52Z" duration-ms="41423" status="PASS">
          <reporter-output>
          </reporter-output>
        </test-method> <!-- heightInFtNonVeg -->
        <test-method is-config="true" signature="tearDown()[pri:0, instance:userRegistrationTest.UserReMenTest@47caedad]" started-at="2024-04-17T10:19:52Z" name="tearDown" finished-at="2024-04-17T10:19:54Z" duration-ms="1172" status="PASS">
          <reporter-output>
          </reporter-output>
        </test-method> <!-- tearDown -->
        <test-method is-config="true" signature="landingPageUrl()[pri:0, instance:userRegistrationTest.UserReMenTest@47caedad]" started-at="2024-04-17T10:19:54Z" name="landingPageUrl" finished-at="2024-04-17T10:19:57Z" duration-ms="3069" status="PASS">
          <reporter-output>
          </reporter-output>
        </test-method> <!-- landingPageUrl -->
        <test-method signature="heightInFtVeget()[pri:0, instance:userRegistrationTest.UserReMenTest@47caedad]" started-at="2024-04-17T10:19:57Z" name="heightInFtVeget" finished-at="2024-04-17T10:20:33Z" duration-ms="36826" status="PASS">
          <reporter-output>
          </reporter-output>
        </test-method> <!-- heightInFtVeget -->
        <test-method is-config="true" signature="tearDown()[pri:0, instance:userRegistrationTest.UserReMenTest@47caedad]" started-at="2024-04-17T10:20:33Z" name="tearDown" finished-at="2024-04-17T10:20:34Z" duration-ms="375" status="PASS">
          <reporter-output>
          </reporter-output>
        </test-method> <!-- tearDown -->
        <test-method is-config="true" signature="landingPageUrl()[pri:0, instance:userRegistrationTest.UserReMenTest@47caedad]" started-at="2024-04-17T10:20:34Z" name="landingPageUrl" finished-at="2024-04-17T10:20:38Z" duration-ms="3728" status="PASS">
          <reporter-output>
          </reporter-output>
        </test-method> <!-- landingPageUrl -->
        <test-method signature="heightInFeetvegan()[pri:0, instance:userRegistrationTest.UserReMenTest@47caedad]" started-at="2024-04-17T10:20:38Z" name="heightInFeetvegan" finished-at="2024-04-17T10:21:15Z" duration-ms="37848" status="PASS">
          <reporter-output>
          </reporter-output>
        </test-method> <!-- heightInFeetvegan -->
        <test-method is-config="true" signature="tearDown()[pri:0, instance:userRegistrationTest.UserReMenTest@47caedad]" started-at="2024-04-17T10:21:15Z" name="tearDown" finished-at="2024-04-17T10:21:16Z" duration-ms="438" status="PASS">
          <reporter-output>
          </reporter-output>
        </test-method> <!-- tearDown -->
        <test-method is-config="true" signature="landingPageUrl()[pri:0, instance:userRegistrationTest.UserReMenTest@47caedad]" started-at="2024-04-17T10:21:16Z" name="landingPageUrl" finished-at="2024-04-17T10:21:19Z" duration-ms="3223" status="PASS">
          <reporter-output>
          </reporter-output>
        </test-method> <!-- landingPageUrl -->
        <test-method signature="weightInLbsNonVeg()[pri:0, instance:userRegistrationTest.UserReMenTest@47caedad]" started-at="2024-04-17T10:21:19Z" name="weightInLbsNonVeg" finished-at="2024-04-17T10:21:55Z" duration-ms="35557" status="PASS">
          <reporter-output>
          </reporter-output>
        </test-method> <!-- weightInLbsNonVeg -->
        <test-method is-config="true" signature="tearDown()[pri:0, instance:userRegistrationTest.UserReMenTest@47caedad]" started-at="2024-04-17T10:21:55Z" name="tearDown" finished-at="2024-04-17T10:21:55Z" duration-ms="344" status="PASS">
          <reporter-output>
          </reporter-output>
        </test-method> <!-- tearDown -->
        <test-method is-config="true" signature="landingPageUrl()[pri:0, instance:userRegistrationTest.UserReMenTest@47caedad]" started-at="2024-04-17T10:21:55Z" name="landingPageUrl" finished-at="2024-04-17T10:21:58Z" duration-ms="3250" status="PASS">
          <reporter-output>
          </reporter-output>
        </test-method> <!-- landingPageUrl -->
        <test-method signature="weightLbsVeget()[pri:0, instance:userRegistrationTest.UserReMenTest@47caedad]" started-at="2024-04-17T10:21:58Z" name="weightLbsVeget" finished-at="2024-04-17T10:22:36Z" duration-ms="37791" status="PASS">
          <reporter-output>
          </reporter-output>
        </test-method> <!-- weightLbsVeget -->
        <test-method is-config="true" signature="tearDown()[pri:0, instance:userRegistrationTest.UserReMenTest@47caedad]" started-at="2024-04-17T10:22:36Z" name="tearDown" finished-at="2024-04-17T10:22:36Z" duration-ms="328" status="PASS">
          <reporter-output>
          </reporter-output>
        </test-method> <!-- tearDown -->
        <test-method is-config="true" signature="landingPageUrl()[pri:0, instance:userRegistrationTest.UserReMenTest@47caedad]" started-at="2024-04-17T10:22:36Z" name="landingPageUrl" finished-at="2024-04-17T10:22:40Z" duration-ms="3964" status="PASS">
          <reporter-output>
          </reporter-output>
        </test-method> <!-- landingPageUrl -->
        <test-method signature="weightLbsVegan()[pri:0, instance:userRegistrationTest.UserReMenTest@47caedad]" started-at="2024-04-17T10:22:40Z" name="weightLbsVegan" finished-at="2024-04-17T10:23:18Z" duration-ms="37392" status="PASS">
          <reporter-output>
          </reporter-output>
        </test-method> <!-- weightLbsVegan -->
        <test-method is-config="true" signature="tearDown()[pri:0, instance:userRegistrationTest.UserReMenTest@47caedad]" started-at="2024-04-17T10:23:18Z" name="tearDown" finished-at="2024-04-17T10:23:18Z" duration-ms="312" status="PASS">
          <reporter-output>
          </reporter-output>
        </test-method> <!-- tearDown -->
        <test-method is-config="true" signature="landingPageUrl()[pri:0, instance:userRegistrationTest.UserReMenTest@47caedad]" started-at="2024-04-17T10:23:18Z" name="landingPageUrl" finished-at="2024-04-17T10:23:22Z" duration-ms="3485" status="PASS">
          <reporter-output>
          </reporter-output>
        </test-method> <!-- landingPageUrl -->
        <test-method signature="userWithBlankdEmaiIdMen()[pri:0, instance:userRegistrationTest.UserReMenTest@47caedad]" started-at="2024-04-17T10:23:22Z" name="userWithBlankdEmaiIdMen" finished-at="2024-04-17T10:24:02Z" duration-ms="40962" status="FAIL">
          <exception class="org.openqa.selenium.NoSuchElementException">
            <message>
              <![CDATA[no such element: Unable to locate element: {"method":"link text","selector":"Please enter valid email id"}
  (Session info: chrome=123.0.6312.123)
For documentation on this error, please visit: https://www.selenium.dev/documentation/webdriver/troubleshooting/errors#no-such-element-exception
Build info: version: '4.15.0', revision: '1d14b5521b'
System info: os.name: 'Windows 11', os.arch: 'amd64', os.version: '10.0', java.version: '17.0.9'
Driver info: org.openqa.selenium.chrome.ChromeDriver
Command: [dd5a5657e660511e66f5f56757c0aa99, findElement {using=link text, value=Please enter valid email id}]
Capabilities {acceptInsecureCerts: false, browserName: chrome, browserVersion: 123.0.6312.123, chrome: {chromedriverVersion: 123.0.6312.122 (31f8248cdd9..., userDataDir: C:\Users\HISPL\AppData\Loca...}, fedcm:accounts: true, goog:chromeOptions: {debuggerAddress: localhost:50248}, networkConnectionEnabled: false, pageLoadStrategy: normal, platformName: windows, proxy: Proxy(), se:cdp: ws://localhost:50248/devtoo..., se:cdpVersion: 123.0.6312.123, setWindowRect: true, strictFileInteractability: false, timeouts: {implicit: 0, pageLoad: 300000, script: 30000}, unhandledPromptBehavior: dismiss and notify, webauthn:extension:credBlob: true, webauthn:extension:largeBlob: true, webauthn:extension:minPinLength: true, webauthn:extension:prf: true, webauthn:virtualAuthenticators: true}
Session ID: dd5a5657e660511e66f5f56757c0aa99]]>
            </message>
            <full-stacktrace>
              <![CDATA[org.openqa.selenium.NoSuchElementException: no such element: Unable to locate element: {"method":"link text","selector":"Please enter valid email id"}
  (Session info: chrome=123.0.6312.123)
For documentation on this error, please visit: https://www.selenium.dev/documentation/webdriver/troubleshooting/errors#no-such-element-exception
Build info: version: '4.15.0', revision: '1d14b5521b'
System info: os.name: 'Windows 11', os.arch: 'amd64', os.version: '10.0', java.version: '17.0.9'
Driver info: org.openqa.selenium.chrome.ChromeDriver
Command: [dd5a5657e660511e66f5f56757c0aa99, findElement {using=link text, value=Please enter valid email id}]
Capabilities {acceptInsecureCerts: false, browserName: chrome, browserVersion: 123.0.6312.123, chrome: {chromedriverVersion: 123.0.6312.122 (31f8248cdd9..., userDataDir: C:\Users\HISPL\AppData\Loca...}, fedcm:accounts: true, goog:chromeOptions: {debuggerAddress: localhost:50248}, networkConnectionEnabled: false, pageLoadStrategy: normal, platformName: windows, proxy: Proxy(), se:cdp: ws://localhost:50248/devtoo..., se:cdpVersion: 123.0.6312.123, setWindowRect: true, strictFileInteractability: false, timeouts: {implicit: 0, pageLoad: 300000, script: 30000}, unhandledPromptBehavior: dismiss and notify, webauthn:extension:credBlob: true, webauthn:extension:largeBlob: true, webauthn:extension:minPinLength: true, webauthn:extension:prf: true, webauthn:virtualAuthenticators: true}
Session ID: dd5a5657e660511e66f5f56757c0aa99
	at java.base/jdk.internal.reflect.NativeConstructorAccessorImpl.newInstance0(Native Method)
	at java.base/jdk.internal.reflect.NativeConstructorAccessorImpl.newInstance(NativeConstructorAccessorImpl.java:77)
	at java.base/jdk.internal.reflect.DelegatingConstructorAccessorImpl.newInstance(DelegatingConstructorAccessorImpl.java:45)
	at java.base/java.lang.reflect.Constructor.newInstanceWithCaller(Constructor.java:499)
	at java.base/java.lang.reflect.Constructor.newInstance(Constructor.java:480)
	at org.openqa.selenium.remote.codec.w3c.W3CHttpResponseCodec.createException(W3CHttpResponseCodec.java:200)
	at org.openqa.selenium.remote.codec.w3c.W3CHttpResponseCodec.decode(W3CHttpResponseCodec.java:133)
	at org.openqa.selenium.remote.codec.w3c.W3CHttpResponseCodec.decode(W3CHttpResponseCodec.java:52)
	at org.openqa.selenium.remote.HttpCommandExecutor.execute(HttpCommandExecutor.java:191)
	at org.openqa.selenium.remote.service.DriverCommandExecutor.invokeExecute(DriverCommandExecutor.java:200)
	at org.openqa.selenium.remote.service.DriverCommandExecutor.execute(DriverCommandExecutor.java:175)
	at org.openqa.selenium.remote.RemoteWebDriver.execute(RemoteWebDriver.java:607)
	at org.openqa.selenium.remote.ElementLocation$ElementFinder$2.findElement(ElementLocation.java:165)
	at org.openqa.selenium.remote.ElementLocation.findElement(ElementLocation.java:59)
	at org.openqa.selenium.remote.RemoteWebDriver.findElement(RemoteWebDriver.java:364)
	at org.openqa.selenium.remote.RemoteWebDriver.findElement(RemoteWebDriver.java:358)
	at org.openqa.selenium.support.pagefactory.DefaultElementLocator.findElement(DefaultElementLocator.java:68)
	at org.openqa.selenium.support.pagefactory.internal.LocatingElementHandler.invoke(LocatingElementHandler.java:38)
	at jdk.proxy2/jdk.proxy2.$Proxy14.getText(Unknown Source)
	at commonPages.Your4WeekKetoDietingPlan.blankEmail(Your4WeekKetoDietingPlan.java:28)
	at userRegistrationTest.UserReMenTest.userWithBlankdEmaiIdMen(UserReMenTest.java:443)
	at java.base/jdk.internal.reflect.NativeMethodAccessorImpl.invoke0(Native Method)
	at java.base/jdk.internal.reflect.NativeMethodAccessorImpl.invoke(NativeMethodAccessorImpl.java:77)
	at java.base/jdk.internal.reflect.DelegatingMethodAccessorImpl.invoke(DelegatingMethodAccessorImpl.java:43)
	at java.base/java.lang.reflect.Method.invoke(Method.java:568)
	at org.testng.internal.MethodInvocationHelper.invokeMethod(MethodInvocationHelper.java:84)
	at org.testng.internal.Invoker.invokeMethod(Invoker.java:714)
	at org.testng.internal.Invoker.invokeTestMethod(Invoker.java:901)
	at org.testng.internal.Invoker.invokeTestMethods(Invoker.java:1231)
	at org.testng.internal.TestMethodWorker.invokeTestMethods(TestMethodWorker.java:127)
	at org.testng.internal.TestMethodWorker.run(TestMethodWorker.java:111)
	at org.testng.TestRunner.privateRun(TestRunner.java:767)
	at org.testng.TestRunner.run(TestRunner.java:617)
	at org.testng.SuiteRunner.runTest(SuiteRunner.java:348)
	at org.testng.SuiteRunner.runSequentially(SuiteRunner.java:343)
	at org.testng.SuiteRunner.privateRun(SuiteRunner.java:305)
	at org.testng.SuiteRunner.run(SuiteRunner.java:254)
	at org.testng.SuiteRunnerWorker.runSuite(SuiteRunnerWorker.java:52)
	at org.testng.SuiteRunnerWorker.run(SuiteRunnerWorker.java:86)
	at org.testng.TestNG.runSuitesSequentially(TestNG.java:1224)
	at org.testng.TestNG.runSuitesLocally(TestNG.java:1149)
	at org.testng.TestNG.run(TestNG.java:1057)
	at org.testng.remote.AbstractRemoteTestNG.run(AbstractRemoteTestNG.java:115)
	at org.testng.remote.RemoteTestNG.initAndRun(RemoteTestNG.java:251)
	at org.testng.remote.RemoteTestNG.main(RemoteTestNG.java:77)
]]>
            </full-stacktrace>
          </exception> <!-- org.openqa.selenium.NoSuchElementException -->
          <reporter-output>
          </reporter-output>
        </test-method> <!-- userWithBlankdEmaiIdMen -->
        <test-method is-config="true" signature="tearDown()[pri:0, instance:userRegistrationTest.UserReMenTest@47caedad]" started-at="2024-04-17T10:24:03Z" name="tearDown" finished-at="2024-04-17T10:24:03Z" duration-ms="297" status="PASS">
          <reporter-output>
          </reporter-output>
        </test-method> <!-- tearDown -->
        <test-method is-config="true" signature="landingPageUrl()[pri:0, instance:userRegistrationTest.UserReMenTest@47caedad]" started-at="2024-04-17T10:24:03Z" name="landingPageUrl" finished-at="2024-04-17T10:24:06Z" duration-ms="2738" status="PASS">
          <reporter-output>
          </reporter-output>
        </test-method> <!-- landingPageUrl -->
        <test-method signature="withoutFakeruserRegistrationMenNonVeg()[pri:0, instance:userRegistrationTest.UserReMenTest@47caedad]" started-at="2024-04-17T10:24:06Z" name="withoutFakeruserRegistrationMenNonVeg" finished-at="2024-04-17T10:24:41Z" duration-ms="34849" status="PASS">
          <reporter-output>
          </reporter-output>
        </test-method> <!-- withoutFakeruserRegistrationMenNonVeg -->
        <test-method is-config="true" signature="tearDown()[pri:0, instance:userRegistrationTest.UserReMenTest@47caedad]" started-at="2024-04-17T10:24:41Z" name="tearDown" finished-at="2024-04-17T10:24:41Z" duration-ms="344" status="PASS">
          <reporter-output>
          </reporter-output>
        </test-method> <!-- tearDown -->
        <test-method is-config="true" signature="landingPageUrl()[pri:0, instance:userRegistrationTest.UserReMenTest@47caedad]" started-at="2024-04-17T10:24:41Z" name="landingPageUrl" finished-at="2024-04-17T10:24:43Z" duration-ms="2414" status="PASS">
          <reporter-output>
          </reporter-output>
        </test-method> <!-- landingPageUrl -->
        <test-method signature="userRegistrationMenVegwitoutFaker()[pri:0, instance:userRegistrationTest.UserReMenTest@47caedad]" started-at="2024-04-17T10:24:43Z" name="userRegistrationMenVegwitoutFaker" finished-at="2024-04-17T10:25:21Z" duration-ms="37375" status="PASS">
          <reporter-output>
          </reporter-output>
        </test-method> <!-- userRegistrationMenVegwitoutFaker -->
        <test-method is-config="true" signature="tearDown()[pri:0, instance:userRegistrationTest.UserReMenTest@47caedad]" started-at="2024-04-17T10:25:21Z" name="tearDown" finished-at="2024-04-17T10:25:21Z" duration-ms="359" status="PASS">
          <reporter-output>
          </reporter-output>
        </test-method> <!-- tearDown -->
        <test-method is-config="true" signature="landingPageUrl()[pri:0, instance:userRegistrationTest.UserReMenTest@47caedad]" started-at="2024-04-17T10:25:21Z" name="landingPageUrl" finished-at="2024-04-17T10:25:27Z" duration-ms="5629" status="PASS">
          <reporter-output>
          </reporter-output>
        </test-method> <!-- landingPageUrl -->
        <test-method signature="witoutFakeruserRegistrationMenVegan()[pri:0, instance:userRegistrationTest.UserReMenTest@47caedad]" started-at="2024-04-17T10:25:27Z" name="witoutFakeruserRegistrationMenVegan" finished-at="2024-04-17T10:26:06Z" duration-ms="39031" status="PASS">
          <reporter-output>
          </reporter-output>
        </test-method> <!-- witoutFakeruserRegistrationMenVegan -->
        <test-method is-config="true" signature="tearDown()[pri:0, instance:userRegistrationTest.UserReMenTest@47caedad]" started-at="2024-04-17T10:26:06Z" name="tearDown" finished-at="2024-04-17T10:26:06Z" duration-ms="281" status="PASS">
          <reporter-output>
          </reporter-output>
        </test-method> <!-- tearDown -->
        <test-method is-config="true" signature="landingPageUrl()[pri:0, instance:userRegistrationTest.UserReMenTest@47caedad]" started-at="2024-04-17T10:34:46Z" name="landingPageUrl" finished-at="2024-04-17T10:34:52Z" duration-ms="5491" status="PASS">
          <reporter-output>
          </reporter-output>
        </test-method> <!-- landingPageUrl -->
        <test-method signature="userRegistrationMenNonVegEatAll()[pri:0, instance:userRegistrationTest.UserReMenTest@47caedad]" started-at="2024-04-17T10:34:52Z" name="userRegistrationMenNonVegEatAll" finished-at="2024-04-17T10:35:26Z" duration-ms="34800" status="PASS">
          <reporter-output>
          </reporter-output>
        </test-method> <!-- userRegistrationMenNonVegEatAll -->
        <test-method is-config="true" signature="tearDown()[pri:0, instance:userRegistrationTest.UserReMenTest@47caedad]" started-at="2024-04-17T10:35:26Z" name="tearDown" finished-at="2024-04-17T10:35:27Z" duration-ms="359" status="PASS">
          <reporter-output>
          </reporter-output>
        </test-method> <!-- tearDown -->
        <test-method is-config="true" signature="landingPageUrl()[pri:0, instance:userRegistrationTest.UserReMenTest@47caedad]" started-at="2024-04-17T10:35:27Z" name="landingPageUrl" finished-at="2024-04-17T10:35:29Z" duration-ms="2725" status="PASS">
          <reporter-output>
          </reporter-output>
        </test-method> <!-- landingPageUrl -->
        <test-method signature="userRegistrationMenVegEatAll()[pri:0, instance:userRegistrationTest.UserReMenTest@47caedad]" started-at="2024-04-17T10:35:29Z" name="userRegistrationMenVegEatAll" finished-at="2024-04-17T10:36:01Z" duration-ms="31450" status="PASS">
          <reporter-output>
          </reporter-output>
        </test-method> <!-- userRegistrationMenVegEatAll -->
        <test-method is-config="true" signature="tearDown()[pri:0, instance:userRegistrationTest.UserReMenTest@47caedad]" started-at="2024-04-17T10:36:01Z" name="tearDown" finished-at="2024-04-17T10:36:01Z" duration-ms="328" status="PASS">
          <reporter-output>
          </reporter-output>
        </test-method> <!-- tearDown -->
        <test-method is-config="true" signature="landingPageUrl()[pri:0, instance:userRegistrationTest.UserReMenTest@47caedad]" started-at="2024-04-17T10:36:01Z" name="landingPageUrl" finished-at="2024-04-17T10:36:04Z" duration-ms="2495" status="PASS">
          <reporter-output>
          </reporter-output>
        </test-method> <!-- landingPageUrl -->
        <test-method signature="userRegistrationMenVeganEatAll()[pri:0, instance:userRegistrationTest.UserReMenTest@47caedad]" started-at="2024-04-17T10:36:04Z" name="userRegistrationMenVeganEatAll" finished-at="2024-04-17T10:36:36Z" duration-ms="32112" status="PASS">
          <reporter-output>
          </reporter-output>
        </test-method> <!-- userRegistrationMenVeganEatAll -->
        <test-method is-config="true" signature="tearDown()[pri:0, instance:userRegistrationTest.UserReMenTest@47caedad]" started-at="2024-04-17T10:36:36Z" name="tearDown" finished-at="2024-04-17T10:36:36Z" duration-ms="406" status="PASS">
          <reporter-output>
          </reporter-output>
        </test-method> <!-- tearDown -->
      </class> <!-- userRegistrationTest.UserReMenTest -->
      <class name="userRegistrationTest.UserReWomenTest">
        <test-method is-config="true" signature="landingPageUrl()[pri:0, instance:userRegistrationTest.UserReWomenTest@4b520ea8]" started-at="2024-04-17T10:26:06Z" name="landingPageUrl" finished-at="2024-04-17T10:26:09Z" duration-ms="3222" status="PASS">
          <reporter-output>
          </reporter-output>
        </test-method> <!-- landingPageUrl -->
        <test-method signature="userRegistrationWoMenNonVeg()[pri:0, instance:userRegistrationTest.UserReWomenTest@4b520ea8]" started-at="2024-04-17T10:26:09Z" name="userRegistrationWoMenNonVeg" finished-at="2024-04-17T10:26:45Z" duration-ms="35430" status="PASS">
          <reporter-output>
          </reporter-output>
        </test-method> <!-- userRegistrationWoMenNonVeg -->
        <test-method is-config="true" signature="tearDown()[pri:0, instance:userRegistrationTest.UserReWomenTest@4b520ea8]" started-at="2024-04-17T10:26:45Z" name="tearDown" finished-at="2024-04-17T10:26:45Z" duration-ms="360" status="PASS">
          <reporter-output>
          </reporter-output>
        </test-method> <!-- tearDown -->
        <test-method is-config="true" signature="landingPageUrl()[pri:0, instance:userRegistrationTest.UserReWomenTest@4b520ea8]" started-at="2024-04-17T10:26:45Z" name="landingPageUrl" finished-at="2024-04-17T10:26:48Z" duration-ms="2789" status="PASS">
          <reporter-output>
          </reporter-output>
        </test-method> <!-- landingPageUrl -->
        <test-method signature="userRegistrationWoMenVeg()[pri:0, instance:userRegistrationTest.UserReWomenTest@4b520ea8]" started-at="2024-04-17T10:26:48Z" name="userRegistrationWoMenVeg" finished-at="2024-04-17T10:27:24Z" duration-ms="36068" status="PASS">
          <reporter-output>
          </reporter-output>
        </test-method> <!-- userRegistrationWoMenVeg -->
        <test-method is-config="true" signature="tearDown()[pri:0, instance:userRegistrationTest.UserReWomenTest@4b520ea8]" started-at="2024-04-17T10:27:24Z" name="tearDown" finished-at="2024-04-17T10:27:24Z" duration-ms="328" status="PASS">
          <reporter-output>
          </reporter-output>
        </test-method> <!-- tearDown -->
        <test-method is-config="true" signature="landingPageUrl()[pri:0, instance:userRegistrationTest.UserReWomenTest@4b520ea8]" started-at="2024-04-17T10:27:24Z" name="landingPageUrl" finished-at="2024-04-17T10:27:27Z" duration-ms="2820" status="PASS">
          <reporter-output>
          </reporter-output>
        </test-method> <!-- landingPageUrl -->
        <test-method signature="userRegistrationWoMenVegan()[pri:0, instance:userRegistrationTest.UserReWomenTest@4b520ea8]" started-at="2024-04-17T10:27:27Z" name="userRegistrationWoMenVegan" finished-at="2024-04-17T10:28:02Z" duration-ms="35186" status="PASS">
          <reporter-output>
          </reporter-output>
        </test-method> <!-- userRegistrationWoMenVegan -->
        <test-method is-config="true" signature="tearDown()[pri:0, instance:userRegistrationTest.UserReWomenTest@4b520ea8]" started-at="2024-04-17T10:28:02Z" name="tearDown" finished-at="2024-04-17T10:28:03Z" duration-ms="360" status="PASS">
          <reporter-output>
          </reporter-output>
        </test-method> <!-- tearDown -->
        <test-method is-config="true" signature="landingPageUrl()[pri:0, instance:userRegistrationTest.UserReWomenTest@4b520ea8]" started-at="2024-04-17T10:28:03Z" name="landingPageUrl" finished-at="2024-04-17T10:28:06Z" duration-ms="3515" status="PASS">
          <reporter-output>
          </reporter-output>
        </test-method> <!-- landingPageUrl -->
        <test-method signature="heightInFtNonVegWomen()[pri:0, instance:userRegistrationTest.UserReWomenTest@4b520ea8]" started-at="2024-04-17T10:28:06Z" name="heightInFtNonVegWomen" finished-at="2024-04-17T10:28:44Z" duration-ms="37530" status="PASS">
          <reporter-output>
          </reporter-output>
        </test-method> <!-- heightInFtNonVegWomen -->
        <test-method is-config="true" signature="tearDown()[pri:0, instance:userRegistrationTest.UserReWomenTest@4b520ea8]" started-at="2024-04-17T10:28:44Z" name="tearDown" finished-at="2024-04-17T10:28:44Z" duration-ms="406" status="PASS">
          <reporter-output>
          </reporter-output>
        </test-method> <!-- tearDown -->
        <test-method is-config="true" signature="landingPageUrl()[pri:0, instance:userRegistrationTest.UserReWomenTest@4b520ea8]" started-at="2024-04-17T10:28:44Z" name="landingPageUrl" finished-at="2024-04-17T10:28:46Z" duration-ms="1841" status="PASS">
          <reporter-output>
          </reporter-output>
        </test-method> <!-- landingPageUrl -->
        <test-method signature="heightInFtVegetWomen()[pri:0, instance:userRegistrationTest.UserReWomenTest@4b520ea8]" started-at="2024-04-17T10:28:46Z" name="heightInFtVegetWomen" finished-at="2024-04-17T10:29:24Z" duration-ms="37885" status="PASS">
          <reporter-output>
          </reporter-output>
        </test-method> <!-- heightInFtVegetWomen -->
        <test-method is-config="true" signature="tearDown()[pri:0, instance:userRegistrationTest.UserReWomenTest@4b520ea8]" started-at="2024-04-17T10:29:24Z" name="tearDown" finished-at="2024-04-17T10:29:24Z" duration-ms="328" status="PASS">
          <reporter-output>
          </reporter-output>
        </test-method> <!-- tearDown -->
        <test-method is-config="true" signature="landingPageUrl()[pri:0, instance:userRegistrationTest.UserReWomenTest@4b520ea8]" started-at="2024-04-17T10:29:24Z" name="landingPageUrl" finished-at="2024-04-17T10:29:29Z" duration-ms="5203" status="PASS">
          <reporter-output>
          </reporter-output>
        </test-method> <!-- landingPageUrl -->
        <test-method signature="heightInFeetveganWomen()[pri:0, instance:userRegistrationTest.UserReWomenTest@4b520ea8]" started-at="2024-04-17T10:29:29Z" name="heightInFeetveganWomen" finished-at="2024-04-17T10:30:04Z" duration-ms="34887" status="PASS">
          <reporter-output>
          </reporter-output>
        </test-method> <!-- heightInFeetveganWomen -->
        <test-method is-config="true" signature="tearDown()[pri:0, instance:userRegistrationTest.UserReWomenTest@4b520ea8]" started-at="2024-04-17T10:30:04Z" name="tearDown" finished-at="2024-04-17T10:30:04Z" duration-ms="359" status="PASS">
          <reporter-output>
          </reporter-output>
        </test-method> <!-- tearDown -->
        <test-method is-config="true" signature="landingPageUrl()[pri:0, instance:userRegistrationTest.UserReWomenTest@4b520ea8]" started-at="2024-04-17T10:30:04Z" name="landingPageUrl" finished-at="2024-04-17T10:30:07Z" duration-ms="2316" status="PASS">
          <reporter-output>
          </reporter-output>
        </test-method> <!-- landingPageUrl -->
        <test-method signature="weightInLbsNonVegWomen()[pri:0, instance:userRegistrationTest.UserReWomenTest@4b520ea8]" started-at="2024-04-17T10:30:07Z" name="weightInLbsNonVegWomen" finished-at="2024-04-17T10:30:43Z" duration-ms="35743" status="PASS">
          <reporter-output>
          </reporter-output>
        </test-method> <!-- weightInLbsNonVegWomen -->
        <test-method is-config="true" signature="tearDown()[pri:0, instance:userRegistrationTest.UserReWomenTest@4b520ea8]" started-at="2024-04-17T10:30:43Z" name="tearDown" finished-at="2024-04-17T10:30:43Z" duration-ms="359" status="PASS">
          <reporter-output>
          </reporter-output>
        </test-method> <!-- tearDown -->
        <test-method is-config="true" signature="landingPageUrl()[pri:0, instance:userRegistrationTest.UserReWomenTest@4b520ea8]" started-at="2024-04-17T10:30:43Z" name="landingPageUrl" finished-at="2024-04-17T10:30:46Z" duration-ms="3419" status="PASS">
          <reporter-output>
          </reporter-output>
        </test-method> <!-- landingPageUrl -->
        <test-method signature="weightLbsVegetWomen()[pri:0, instance:userRegistrationTest.UserReWomenTest@4b520ea8]" started-at="2024-04-17T10:30:46Z" name="weightLbsVegetWomen" finished-at="2024-04-17T10:31:24Z" duration-ms="37239" status="PASS">
          <reporter-output>
          </reporter-output>
        </test-method> <!-- weightLbsVegetWomen -->
        <test-method is-config="true" signature="tearDown()[pri:0, instance:userRegistrationTest.UserReWomenTest@4b520ea8]" started-at="2024-04-17T10:31:24Z" name="tearDown" finished-at="2024-04-17T10:31:24Z" duration-ms="297" status="PASS">
          <reporter-output>
          </reporter-output>
        </test-method> <!-- tearDown -->
        <test-method is-config="true" signature="landingPageUrl()[pri:0, instance:userRegistrationTest.UserReWomenTest@4b520ea8]" started-at="2024-04-17T10:31:24Z" name="landingPageUrl" finished-at="2024-04-17T10:31:27Z" duration-ms="3615" status="PASS">
          <reporter-output>
          </reporter-output>
        </test-method> <!-- landingPageUrl -->
        <test-method signature="weightLbsVeganWomen()[pri:0, instance:userRegistrationTest.UserReWomenTest@4b520ea8]" started-at="2024-04-17T10:31:27Z" name="weightLbsVeganWomen" finished-at="2024-04-17T10:32:02Z" duration-ms="34705" status="PASS">
          <reporter-output>
          </reporter-output>
        </test-method> <!-- weightLbsVeganWomen -->
        <test-method is-config="true" signature="tearDown()[pri:0, instance:userRegistrationTest.UserReWomenTest@4b520ea8]" started-at="2024-04-17T10:32:02Z" name="tearDown" finished-at="2024-04-17T10:32:03Z" duration-ms="391" status="PASS">
          <reporter-output>
          </reporter-output>
        </test-method> <!-- tearDown -->
        <test-method is-config="true" signature="landingPageUrl()[pri:0, instance:userRegistrationTest.UserReWomenTest@4b520ea8]" started-at="2024-04-17T10:32:03Z" name="landingPageUrl" finished-at="2024-04-17T10:32:06Z" duration-ms="3385" status="PASS">
          <reporter-output>
          </reporter-output>
        </test-method> <!-- landingPageUrl -->
        <test-method signature="userWithBlankdEmaiIdWomen()[pri:0, instance:userRegistrationTest.UserReWomenTest@4b520ea8]" started-at="2024-04-17T10:32:06Z" name="userWithBlankdEmaiIdWomen" finished-at="2024-04-17T10:32:41Z" duration-ms="35368" status="FAIL">
          <exception class="org.openqa.selenium.NoSuchElementException">
            <message>
              <![CDATA[no such element: Unable to locate element: {"method":"xpath","selector":"//span[text()='Wedding']"}
  (Session info: chrome=123.0.6312.123)
For documentation on this error, please visit: https://www.selenium.dev/documentation/webdriver/troubleshooting/errors#no-such-element-exception
Build info: version: '4.15.0', revision: '1d14b5521b'
System info: os.name: 'Windows 11', os.arch: 'amd64', os.version: '10.0', java.version: '17.0.9'
Driver info: org.openqa.selenium.chrome.ChromeDriver
Command: [2e7fbec5e105ddc7eb7cd8d98dad56e4, findElement {using=xpath, value=//span[text()='Wedding']}]
Capabilities {acceptInsecureCerts: false, browserName: chrome, browserVersion: 123.0.6312.123, chrome: {chromedriverVersion: 123.0.6312.122 (31f8248cdd9..., userDataDir: C:\Users\HISPL\AppData\Loca...}, fedcm:accounts: true, goog:chromeOptions: {debuggerAddress: localhost:50865}, networkConnectionEnabled: false, pageLoadStrategy: normal, platformName: windows, proxy: Proxy(), se:cdp: ws://localhost:50865/devtoo..., se:cdpVersion: 123.0.6312.123, setWindowRect: true, strictFileInteractability: false, timeouts: {implicit: 0, pageLoad: 300000, script: 30000}, unhandledPromptBehavior: dismiss and notify, webauthn:extension:credBlob: true, webauthn:extension:largeBlob: true, webauthn:extension:minPinLength: true, webauthn:extension:prf: true, webauthn:virtualAuthenticators: true}
Session ID: 2e7fbec5e105ddc7eb7cd8d98dad56e4]]>
            </message>
            <full-stacktrace>
              <![CDATA[org.openqa.selenium.NoSuchElementException: no such element: Unable to locate element: {"method":"xpath","selector":"//span[text()='Wedding']"}
  (Session info: chrome=123.0.6312.123)
For documentation on this error, please visit: https://www.selenium.dev/documentation/webdriver/troubleshooting/errors#no-such-element-exception
Build info: version: '4.15.0', revision: '1d14b5521b'
System info: os.name: 'Windows 11', os.arch: 'amd64', os.version: '10.0', java.version: '17.0.9'
Driver info: org.openqa.selenium.chrome.ChromeDriver
Command: [2e7fbec5e105ddc7eb7cd8d98dad56e4, findElement {using=xpath, value=//span[text()='Wedding']}]
Capabilities {acceptInsecureCerts: false, browserName: chrome, browserVersion: 123.0.6312.123, chrome: {chromedriverVersion: 123.0.6312.122 (31f8248cdd9..., userDataDir: C:\Users\HISPL\AppData\Loca...}, fedcm:accounts: true, goog:chromeOptions: {debuggerAddress: localhost:50865}, networkConnectionEnabled: false, pageLoadStrategy: normal, platformName: windows, proxy: Proxy(), se:cdp: ws://localhost:50865/devtoo..., se:cdpVersion: 123.0.6312.123, setWindowRect: true, strictFileInteractability: false, timeouts: {implicit: 0, pageLoad: 300000, script: 30000}, unhandledPromptBehavior: dismiss and notify, webauthn:extension:credBlob: true, webauthn:extension:largeBlob: true, webauthn:extension:minPinLength: true, webauthn:extension:prf: true, webauthn:virtualAuthenticators: true}
Session ID: 2e7fbec5e105ddc7eb7cd8d98dad56e4
	at jdk.internal.reflect.GeneratedConstructorAccessor24.newInstance(Unknown Source)
	at java.base/jdk.internal.reflect.DelegatingConstructorAccessorImpl.newInstance(DelegatingConstructorAccessorImpl.java:45)
	at java.base/java.lang.reflect.Constructor.newInstanceWithCaller(Constructor.java:499)
	at java.base/java.lang.reflect.Constructor.newInstance(Constructor.java:480)
	at org.openqa.selenium.remote.codec.w3c.W3CHttpResponseCodec.createException(W3CHttpResponseCodec.java:200)
	at org.openqa.selenium.remote.codec.w3c.W3CHttpResponseCodec.decode(W3CHttpResponseCodec.java:133)
	at org.openqa.selenium.remote.codec.w3c.W3CHttpResponseCodec.decode(W3CHttpResponseCodec.java:52)
	at org.openqa.selenium.remote.HttpCommandExecutor.execute(HttpCommandExecutor.java:191)
	at org.openqa.selenium.remote.service.DriverCommandExecutor.invokeExecute(DriverCommandExecutor.java:200)
	at org.openqa.selenium.remote.service.DriverCommandExecutor.execute(DriverCommandExecutor.java:175)
	at org.openqa.selenium.remote.RemoteWebDriver.execute(RemoteWebDriver.java:607)
	at org.openqa.selenium.remote.ElementLocation$ElementFinder$2.findElement(ElementLocation.java:165)
	at org.openqa.selenium.remote.ElementLocation.findElement(ElementLocation.java:59)
	at org.openqa.selenium.remote.RemoteWebDriver.findElement(RemoteWebDriver.java:364)
	at org.openqa.selenium.remote.RemoteWebDriver.findElement(RemoteWebDriver.java:358)
	at org.openqa.selenium.support.pagefactory.DefaultElementLocator.findElement(DefaultElementLocator.java:68)
	at org.openqa.selenium.support.pagefactory.internal.LocatingElementHandler.invoke(LocatingElementHandler.java:38)
	at jdk.proxy2/jdk.proxy2.$Proxy14.click(Unknown Source)
	at commonPages.SpecialOccasions.wedding(SpecialOccasions.java:40)
	at userRegistrationTest.UserReWomenTest.userWithBlankdEmaiIdWomen(UserReWomenTest.java:440)
	at java.base/jdk.internal.reflect.NativeMethodAccessorImpl.invoke0(Native Method)
	at java.base/jdk.internal.reflect.NativeMethodAccessorImpl.invoke(NativeMethodAccessorImpl.java:77)
	at java.base/jdk.internal.reflect.DelegatingMethodAccessorImpl.invoke(DelegatingMethodAccessorImpl.java:43)
	at java.base/java.lang.reflect.Method.invoke(Method.java:568)
	at org.testng.internal.MethodInvocationHelper.invokeMethod(MethodInvocationHelper.java:84)
	at org.testng.internal.Invoker.invokeMethod(Invoker.java:714)
	at org.testng.internal.Invoker.invokeTestMethod(Invoker.java:901)
	at org.testng.internal.Invoker.invokeTestMethods(Invoker.java:1231)
	at org.testng.internal.TestMethodWorker.invokeTestMethods(TestMethodWorker.java:127)
	at org.testng.internal.TestMethodWorker.run(TestMethodWorker.java:111)
	at org.testng.TestRunner.privateRun(TestRunner.java:767)
	at org.testng.TestRunner.run(TestRunner.java:617)
	at org.testng.SuiteRunner.runTest(SuiteRunner.java:348)
	at org.testng.SuiteRunner.runSequentially(SuiteRunner.java:343)
	at org.testng.SuiteRunner.privateRun(SuiteRunner.java:305)
	at org.testng.SuiteRunner.run(SuiteRunner.java:254)
	at org.testng.SuiteRunnerWorker.runSuite(SuiteRunnerWorker.java:52)
	at org.testng.SuiteRunnerWorker.run(SuiteRunnerWorker.java:86)
	at org.testng.TestNG.runSuitesSequentially(TestNG.java:1224)
	at org.testng.TestNG.runSuitesLocally(TestNG.java:1149)
	at org.testng.TestNG.run(TestNG.java:1057)
	at org.testng.remote.AbstractRemoteTestNG.run(AbstractRemoteTestNG.java:115)
	at org.testng.remote.RemoteTestNG.initAndRun(RemoteTestNG.java:251)
	at org.testng.remote.RemoteTestNG.main(RemoteTestNG.java:77)
]]>
            </full-stacktrace>
          </exception> <!-- org.openqa.selenium.NoSuchElementException -->
          <reporter-output>
          </reporter-output>
        </test-method> <!-- userWithBlankdEmaiIdWomen -->
        <test-method is-config="true" signature="tearDown()[pri:0, instance:userRegistrationTest.UserReWomenTest@4b520ea8]" started-at="2024-04-17T10:32:41Z" name="tearDown" finished-at="2024-04-17T10:32:42Z" duration-ms="296" status="PASS">
          <reporter-output>
          </reporter-output>
        </test-method> <!-- tearDown -->
        <test-method is-config="true" signature="landingPageUrl()[pri:0, instance:userRegistrationTest.UserReWomenTest@4b520ea8]" started-at="2024-04-17T10:32:42Z" name="landingPageUrl" finished-at="2024-04-17T10:32:44Z" duration-ms="2316" status="PASS">
          <reporter-output>
          </reporter-output>
        </test-method> <!-- landingPageUrl -->
        <test-method signature="withoutFakeruserRegistrationMenNonVegWomen()[pri:0, instance:userRegistrationTest.UserReWomenTest@4b520ea8]" started-at="2024-04-17T10:32:44Z" name="withoutFakeruserRegistrationMenNonVegWomen" finished-at="2024-04-17T10:33:19Z" duration-ms="35069" status="PASS">
          <reporter-output>
          </reporter-output>
        </test-method> <!-- withoutFakeruserRegistrationMenNonVegWomen -->
        <test-method is-config="true" signature="tearDown()[pri:0, instance:userRegistrationTest.UserReWomenTest@4b520ea8]" started-at="2024-04-17T10:33:19Z" name="tearDown" finished-at="2024-04-17T10:33:19Z" duration-ms="344" status="PASS">
          <reporter-output>
          </reporter-output>
        </test-method> <!-- tearDown -->
        <test-method is-config="true" signature="landingPageUrl()[pri:0, instance:userRegistrationTest.UserReWomenTest@4b520ea8]" started-at="2024-04-17T10:33:19Z" name="landingPageUrl" finished-at="2024-04-17T10:33:24Z" duration-ms="4046" status="PASS">
          <reporter-output>
          </reporter-output>
        </test-method> <!-- landingPageUrl -->
        <test-method signature="userRegistrationWoMenVegwitoutFaker()[pri:0, instance:userRegistrationTest.UserReWomenTest@4b520ea8]" started-at="2024-04-17T10:33:24Z" name="userRegistrationWoMenVegwitoutFaker" finished-at="2024-04-17T10:34:07Z" duration-ms="43662" status="FAIL">
          <exception class="org.openqa.selenium.NoSuchElementException">
            <message>
              <![CDATA[no such element: Unable to locate element: {"method":"link text","selector":"Please enter valid email id"}
  (Session info: chrome=123.0.6312.123)
For documentation on this error, please visit: https://www.selenium.dev/documentation/webdriver/troubleshooting/errors#no-such-element-exception
Build info: version: '4.15.0', revision: '1d14b5521b'
System info: os.name: 'Windows 11', os.arch: 'amd64', os.version: '10.0', java.version: '17.0.9'
Driver info: org.openqa.selenium.chrome.ChromeDriver
Command: [8ea969770a1bb0e6cce4601cbdda6b6a, findElement {using=link text, value=Please enter valid email id}]
Capabilities {acceptInsecureCerts: false, browserName: chrome, browserVersion: 123.0.6312.123, chrome: {chromedriverVersion: 123.0.6312.122 (31f8248cdd9..., userDataDir: C:\Users\HISPL\AppData\Loca...}, fedcm:accounts: true, goog:chromeOptions: {debuggerAddress: localhost:50959}, networkConnectionEnabled: false, pageLoadStrategy: normal, platformName: windows, proxy: Proxy(), se:cdp: ws://localhost:50959/devtoo..., se:cdpVersion: 123.0.6312.123, setWindowRect: true, strictFileInteractability: false, timeouts: {implicit: 0, pageLoad: 300000, script: 30000}, unhandledPromptBehavior: dismiss and notify, webauthn:extension:credBlob: true, webauthn:extension:largeBlob: true, webauthn:extension:minPinLength: true, webauthn:extension:prf: true, webauthn:virtualAuthenticators: true}
Session ID: 8ea969770a1bb0e6cce4601cbdda6b6a]]>
            </message>
            <full-stacktrace>
              <![CDATA[org.openqa.selenium.NoSuchElementException: no such element: Unable to locate element: {"method":"link text","selector":"Please enter valid email id"}
  (Session info: chrome=123.0.6312.123)
For documentation on this error, please visit: https://www.selenium.dev/documentation/webdriver/troubleshooting/errors#no-such-element-exception
Build info: version: '4.15.0', revision: '1d14b5521b'
System info: os.name: 'Windows 11', os.arch: 'amd64', os.version: '10.0', java.version: '17.0.9'
Driver info: org.openqa.selenium.chrome.ChromeDriver
Command: [8ea969770a1bb0e6cce4601cbdda6b6a, findElement {using=link text, value=Please enter valid email id}]
Capabilities {acceptInsecureCerts: false, browserName: chrome, browserVersion: 123.0.6312.123, chrome: {chromedriverVersion: 123.0.6312.122 (31f8248cdd9..., userDataDir: C:\Users\HISPL\AppData\Loca...}, fedcm:accounts: true, goog:chromeOptions: {debuggerAddress: localhost:50959}, networkConnectionEnabled: false, pageLoadStrategy: normal, platformName: windows, proxy: Proxy(), se:cdp: ws://localhost:50959/devtoo..., se:cdpVersion: 123.0.6312.123, setWindowRect: true, strictFileInteractability: false, timeouts: {implicit: 0, pageLoad: 300000, script: 30000}, unhandledPromptBehavior: dismiss and notify, webauthn:extension:credBlob: true, webauthn:extension:largeBlob: true, webauthn:extension:minPinLength: true, webauthn:extension:prf: true, webauthn:virtualAuthenticators: true}
Session ID: 8ea969770a1bb0e6cce4601cbdda6b6a
	at jdk.internal.reflect.GeneratedConstructorAccessor24.newInstance(Unknown Source)
	at java.base/jdk.internal.reflect.DelegatingConstructorAccessorImpl.newInstance(DelegatingConstructorAccessorImpl.java:45)
	at java.base/java.lang.reflect.Constructor.newInstanceWithCaller(Constructor.java:499)
	at java.base/java.lang.reflect.Constructor.newInstance(Constructor.java:480)
	at org.openqa.selenium.remote.codec.w3c.W3CHttpResponseCodec.createException(W3CHttpResponseCodec.java:200)
	at org.openqa.selenium.remote.codec.w3c.W3CHttpResponseCodec.decode(W3CHttpResponseCodec.java:133)
	at org.openqa.selenium.remote.codec.w3c.W3CHttpResponseCodec.decode(W3CHttpResponseCodec.java:52)
	at org.openqa.selenium.remote.HttpCommandExecutor.execute(HttpCommandExecutor.java:191)
	at org.openqa.selenium.remote.service.DriverCommandExecutor.invokeExecute(DriverCommandExecutor.java:200)
	at org.openqa.selenium.remote.service.DriverCommandExecutor.execute(DriverCommandExecutor.java:175)
	at org.openqa.selenium.remote.RemoteWebDriver.execute(RemoteWebDriver.java:607)
	at org.openqa.selenium.remote.ElementLocation$ElementFinder$2.findElement(ElementLocation.java:165)
	at org.openqa.selenium.remote.ElementLocation.findElement(ElementLocation.java:59)
	at org.openqa.selenium.remote.RemoteWebDriver.findElement(RemoteWebDriver.java:364)
	at org.openqa.selenium.remote.RemoteWebDriver.findElement(RemoteWebDriver.java:358)
	at org.openqa.selenium.support.pagefactory.DefaultElementLocator.findElement(DefaultElementLocator.java:68)
	at org.openqa.selenium.support.pagefactory.internal.LocatingElementHandler.invoke(LocatingElementHandler.java:38)
	at jdk.proxy2/jdk.proxy2.$Proxy14.getText(Unknown Source)
	at commonPages.Your4WeekKetoDietingPlan.blankEmail(Your4WeekKetoDietingPlan.java:28)
	at userRegistrationTest.UserReWomenTest.userRegistrationWoMenVegwitoutFaker(UserReWomenTest.java:522)
	at java.base/jdk.internal.reflect.NativeMethodAccessorImpl.invoke0(Native Method)
	at java.base/jdk.internal.reflect.NativeMethodAccessorImpl.invoke(NativeMethodAccessorImpl.java:77)
	at java.base/jdk.internal.reflect.DelegatingMethodAccessorImpl.invoke(DelegatingMethodAccessorImpl.java:43)
	at java.base/java.lang.reflect.Method.invoke(Method.java:568)
	at org.testng.internal.MethodInvocationHelper.invokeMethod(MethodInvocationHelper.java:84)
	at org.testng.internal.Invoker.invokeMethod(Invoker.java:714)
	at org.testng.internal.Invoker.invokeTestMethod(Invoker.java:901)
	at org.testng.internal.Invoker.invokeTestMethods(Invoker.java:1231)
	at org.testng.internal.TestMethodWorker.invokeTestMethods(TestMethodWorker.java:127)
	at org.testng.internal.TestMethodWorker.run(TestMethodWorker.java:111)
	at org.testng.TestRunner.privateRun(TestRunner.java:767)
	at org.testng.TestRunner.run(TestRunner.java:617)
	at org.testng.SuiteRunner.runTest(SuiteRunner.java:348)
	at org.testng.SuiteRunner.runSequentially(SuiteRunner.java:343)
	at org.testng.SuiteRunner.privateRun(SuiteRunner.java:305)
	at org.testng.SuiteRunner.run(SuiteRunner.java:254)
	at org.testng.SuiteRunnerWorker.runSuite(SuiteRunnerWorker.java:52)
	at org.testng.SuiteRunnerWorker.run(SuiteRunnerWorker.java:86)
	at org.testng.TestNG.runSuitesSequentially(TestNG.java:1224)
	at org.testng.TestNG.runSuitesLocally(TestNG.java:1149)
	at org.testng.TestNG.run(TestNG.java:1057)
	at org.testng.remote.AbstractRemoteTestNG.run(AbstractRemoteTestNG.java:115)
	at org.testng.remote.RemoteTestNG.initAndRun(RemoteTestNG.java:251)
	at org.testng.remote.RemoteTestNG.main(RemoteTestNG.java:77)
]]>
            </full-stacktrace>
          </exception> <!-- org.openqa.selenium.NoSuchElementException -->
          <reporter-output>
          </reporter-output>
        </test-method> <!-- userRegistrationWoMenVegwitoutFaker -->
        <test-method is-config="true" signature="tearDown()[pri:0, instance:userRegistrationTest.UserReWomenTest@4b520ea8]" started-at="2024-04-17T10:34:07Z" name="tearDown" finished-at="2024-04-17T10:34:08Z" duration-ms="313" status="PASS">
          <reporter-output>
          </reporter-output>
        </test-method> <!-- tearDown -->
        <test-method is-config="true" signature="landingPageUrl()[pri:0, instance:userRegistrationTest.UserReWomenTest@4b520ea8]" started-at="2024-04-17T10:34:08Z" name="landingPageUrl" finished-at="2024-04-17T10:34:10Z" duration-ms="2373" status="PASS">
          <reporter-output>
          </reporter-output>
        </test-method> <!-- landingPageUrl -->
        <test-method signature="witoutFakeruserRegistrationWoMenVegan()[pri:0, instance:userRegistrationTest.UserReWomenTest@4b520ea8]" started-at="2024-04-17T10:34:10Z" name="witoutFakeruserRegistrationWoMenVegan" finished-at="2024-04-17T10:34:46Z" duration-ms="35628" status="PASS">
          <reporter-output>
          </reporter-output>
        </test-method> <!-- witoutFakeruserRegistrationWoMenVegan -->
        <test-method is-config="true" signature="tearDown()[pri:0, instance:userRegistrationTest.UserReWomenTest@4b520ea8]" started-at="2024-04-17T10:34:46Z" name="tearDown" finished-at="2024-04-17T10:34:46Z" duration-ms="476" status="PASS">
          <reporter-output>
          </reporter-output>
        </test-method> <!-- tearDown -->
        <test-method is-config="true" signature="landingPageUrl()[pri:0, instance:userRegistrationTest.UserReWomenTest@4b520ea8]" started-at="2024-04-17T10:36:36Z" name="landingPageUrl" finished-at="2024-04-17T10:36:41Z" duration-ms="4385" status="PASS">
          <reporter-output>
          </reporter-output>
        </test-method> <!-- landingPageUrl -->
        <test-method signature="userRegistrationWomenNonVegEatAll()[pri:0, instance:userRegistrationTest.UserReWomenTest@4b520ea8]" started-at="2024-04-17T10:36:41Z" name="userRegistrationWomenNonVegEatAll" finished-at="2024-04-17T10:37:14Z" duration-ms="32943" status="PASS">
          <reporter-output>
          </reporter-output>
        </test-method> <!-- userRegistrationWomenNonVegEatAll -->
        <test-method is-config="true" signature="tearDown()[pri:0, instance:userRegistrationTest.UserReWomenTest@4b520ea8]" started-at="2024-04-17T10:37:14Z" name="tearDown" finished-at="2024-04-17T10:37:14Z" duration-ms="390" status="PASS">
          <reporter-output>
          </reporter-output>
        </test-method> <!-- tearDown -->
        <test-method is-config="true" signature="landingPageUrl()[pri:0, instance:userRegistrationTest.UserReWomenTest@4b520ea8]" started-at="2024-04-17T10:37:14Z" name="landingPageUrl" finished-at="2024-04-17T10:37:18Z" duration-ms="4349" status="PASS">
          <reporter-output>
          </reporter-output>
        </test-method> <!-- landingPageUrl -->
        <test-method signature="userRegistrationWomenVegEatAll()[pri:0, instance:userRegistrationTest.UserReWomenTest@4b520ea8]" started-at="2024-04-17T10:37:18Z" name="userRegistrationWomenVegEatAll" finished-at="2024-04-17T10:37:51Z" duration-ms="32612" status="PASS">
          <reporter-output>
          </reporter-output>
        </test-method> <!-- userRegistrationWomenVegEatAll -->
        <test-method is-config="true" signature="tearDown()[pri:0, instance:userRegistrationTest.UserReWomenTest@4b520ea8]" started-at="2024-04-17T10:37:51Z" name="tearDown" finished-at="2024-04-17T10:37:51Z" duration-ms="344" status="PASS">
          <reporter-output>
          </reporter-output>
        </test-method> <!-- tearDown -->
        <test-method is-config="true" signature="landingPageUrl()[pri:0, instance:userRegistrationTest.UserReWomenTest@4b520ea8]" started-at="2024-04-17T10:37:51Z" name="landingPageUrl" finished-at="2024-04-17T10:37:54Z" duration-ms="2912" status="PASS">
          <reporter-output>
          </reporter-output>
        </test-method> <!-- landingPageUrl -->
        <test-method signature="userRegistrationWomenVeganEatAll()[pri:0, instance:userRegistrationTest.UserReWomenTest@4b520ea8]" started-at="2024-04-17T10:37:54Z" name="userRegistrationWomenVeganEatAll" finished-at="2024-04-17T10:38:26Z" duration-ms="31945" status="PASS">
          <reporter-output>
          </reporter-output>
        </test-method> <!-- userRegistrationWomenVeganEatAll -->
        <test-method is-config="true" signature="tearDown()[pri:0, instance:userRegistrationTest.UserReWomenTest@4b520ea8]" started-at="2024-04-17T10:38:26Z" name="tearDown" finished-at="2024-04-17T10:38:26Z" duration-ms="328" status="PASS">
          <reporter-output>
          </reporter-output>
        </test-method> <!-- tearDown -->
      </class> <!-- userRegistrationTest.UserReWomenTest -->
    </test> <!-- Test -->
  </suite> <!-- Suite -->
</testng-results>
